Build started 10/26/2014 1:36:19 AM.
     1>Project "c:\Users\Vidya\documents\visual studio 2010\Projects\CompleteSuduko1\CompleteSuduko1\CompleteSuduko1.vcxproj" on node 2 (build target(s)).
     1>InitializeBuildStatus:
         Creating "Debug\CompleteSuduko1.unsuccessfulbuild" because "AlwaysCreate" was specified.
       ClCompile:
         All outputs are up-to-date.
         d:\Program Files (x86)\Microsoft Visual Studio 10.0\VC\bin\CL.exe /c /ZI /nologo /W3 /WX- /Od /Oy- /D WIN32 /D _DEBUG /D _CONSOLE /D _UNICODE /D UNICODE /Gm /EHsc /RTC1 /MDd /GS /fp:precise /Zc:wchar_t /Zc:forScope /Yu"StdAfx.h" /Fp"Debug\CompleteSuduko1.pch" /Fo"Debug\\" /Fd"Debug\vc100.pdb" /Gd /TP /analyze- /errorReport:prompt CompleteSuduko1.cpp
         CompleteSuduko1.cpp
     1>c:\users\vidya\documents\visual studio 2010\projects\completesuduko1\completesuduko1\completesuduko1.cpp(339): warning C4101: 'j' : unreferenced local variable
     1>c:\users\vidya\documents\visual studio 2010\projects\completesuduko1\completesuduko1\completesuduko1.cpp(378): warning C4996: 'getch': The POSIX name for this item is deprecated. Instead, use the ISO C++ conformant name: _getch. See online help for details.
                 d:\program files (x86)\microsoft visual studio 10.0\vc\include\conio.h(128) : see declaration of 'getch'
     1>c:\users\vidya\documents\visual studio 2010\projects\completesuduko1\completesuduko1\completesuduko1.cpp(398): warning C4101: 'ch' : unreferenced local variable
     1>c:\users\vidya\documents\visual studio 2010\projects\completesuduko1\completesuduko1\completesuduko1.cpp(419): warning C4996: 'getch': The POSIX name for this item is deprecated. Instead, use the ISO C++ conformant name: _getch. See online help for details.
                 d:\program files (x86)\microsoft visual studio 10.0\vc\include\conio.h(128) : see declaration of 'getch'
     1>c:\users\vidya\documents\visual studio 2010\projects\completesuduko1\completesuduko1\completesuduko1.cpp(454): warning C4996: 'getch': The POSIX name for this item is deprecated. Instead, use the ISO C++ conformant name: _getch. See online help for details.
                 d:\program files (x86)\microsoft visual studio 10.0\vc\include\conio.h(128) : see declaration of 'getch'
     1>c:\users\vidya\documents\visual studio 2010\projects\completesuduko1\completesuduko1\completesuduko1.cpp(470): warning C4996: 'getch': The POSIX name for this item is deprecated. Instead, use the ISO C++ conformant name: _getch. See online help for details.
                 d:\program files (x86)\microsoft visual studio 10.0\vc\include\conio.h(128) : see declaration of 'getch'
     1>c:\users\vidya\documents\visual studio 2010\projects\completesuduko1\completesuduko1\completesuduko1.cpp(414): warning C4101: 'ch' : unreferenced local variable
       ManifestResourceCompile:
         All outputs are up-to-date.
       Link:
         d:\Program Files (x86)\Microsoft Visual Studio 10.0\VC\bin\link.exe /ERRORREPORT:PROMPT /OUT:"c:\users\vidya\documents\visual studio 2010\Projects\CompleteSuduko1\Debug\CompleteSuduko1.exe" /INCREMENTAL /NOLOGO kernel32.lib user32.lib gdi32.lib winspool.lib comdlg32.lib advapi32.lib shell32.lib ole32.lib oleaut32.lib uuid.lib odbc32.lib odbccp32.lib /MANIFEST /ManifestFile:"Debug\CompleteSuduko1.exe.intermediate.manifest" /MANIFESTUAC:"level='asInvoker' uiAccess='false'" /DEBUG /PDB:"c:\users\vidya\documents\visual studio 2010\Projects\CompleteSuduko1\Debug\CompleteSuduko1.pdb" /SUBSYSTEM:CONSOLE /TLBID:1 /DYNAMICBASE /NXCOMPAT /IMPLIB:"c:\users\vidya\documents\visual studio 2010\Projects\CompleteSuduko1\Debug\CompleteSuduko1.lib" /MACHINE:X86 Debug\CompleteSuduko1.exe.embed.manifest.res
         Debug\CompleteSuduko1.obj
         Debug\stdafx.obj
       Manifest:
         C:\Program Files (x86)\Microsoft SDKs\Windows\v7.0A\bin\mt.exe /nologo /verbose /out:"Debug\CompleteSuduko1.exe.embed.manifest" /manifest Debug\CompleteSuduko1.exe.intermediate.manifest
         All outputs are up-to-date.
       LinkEmbedManifest:
         All outputs are up-to-date.
         CompleteSuduko1.vcxproj -> c:\users\vidya\documents\visual studio 2010\Projects\CompleteSuduko1\Debug\CompleteSuduko1.exe
       FinalizeBuildStatus:
         Deleting file "Debug\CompleteSuduko1.unsuccessfulbuild".
         Touching "Debug\CompleteSuduko1.lastbuildstate".
     1>Done Building Project "c:\Users\Vidya\documents\visual studio 2010\Projects\CompleteSuduko1\CompleteSuduko1\CompleteSuduko1.vcxproj" (build target(s)).

Build succeeded.

Time Elapsed 00:00:00.96
